\BOOKMARK [0][-]{chapter*.1}{Abstract}{}% 1
\BOOKMARK [0][-]{chapter*.2}{Zusammenfassung}{}% 2
\BOOKMARK [0][-]{chapter*.3}{Declaration}{}% 3
\BOOKMARK [0][-]{chapter.1}{Introduction}{}% 4
\BOOKMARK [1][-]{section.1.1}{Motivation}{chapter.1}% 5
\BOOKMARK [1][-]{section.1.2}{Acknowledgments}{chapter.1}% 6
\BOOKMARK [1][-]{section.1.3}{Theoretical Background}{chapter.1}% 7
\BOOKMARK [2][-]{subsection.1.3.1}{Acrophobia}{section.1.3}% 8
\BOOKMARK [2][-]{subsection.1.3.2}{Stress}{section.1.3}% 9
\BOOKMARK [2][-]{subsection.1.3.3}{Electrodermal Activity,Galvanic Skin Response}{section.1.3}% 10
\BOOKMARK [2][-]{subsection.1.3.4}{Exposure Therapy}{section.1.3}% 11
\BOOKMARK [0][-]{chapter.2}{Problem Analysis and Goals}{}% 12
\BOOKMARK [1][-]{section.2.1}{State of the Art}{chapter.2}% 13
\BOOKMARK [1][-]{section.2.2}{Recent Advances in Research}{chapter.2}% 14
\BOOKMARK [0][-]{chapter.3}{Materials and Methods}{}% 15
\BOOKMARK [0][-]{chapter.4}{Results}{}% 16
\BOOKMARK [0][-]{chapter.5}{Discussion}{}% 17
\BOOKMARK [0][-]{chapter.6}{Conclusions and Future Work}{}% 18
\BOOKMARK [0][-]{appendix.A}{Tables and Measurement Results}{}% 19
\BOOKMARK [0][-]{table.A.1}{List of Figures}{}% 20
\BOOKMARK [0][-]{chapter*.5}{List of Tables}{}% 21
\BOOKMARK [0][-]{chapter*.6}{List of Abbreviations}{}% 22
\BOOKMARK [0][-]{chapter*.6}{Bibliography}{}% 23
